# JRE version: Java(TM) SE Runtime Environment (17.0.7+8) (build 17.0.7+8-LTS-224)
# Java VM: Java HotSpot(TM) 64-Bit Server VM (17.0.7+8-LTS-224, mixed mode, sharing, tiered, compressed oops, compressed class ptrs, g1 gc, windows-amd64)
GC Precious Log:
 CPUs: 4 total, 4 available
 Memory: 8108M
 Large Page Support: Disabled
 NUMA Support: Disabled
 Compressed Oops: Enabled (32-bit)
 Heap Region Size: 1M
 Heap Min Capacity: 8M
 Heap Initial Capacity: 128M
 Heap Max Capacity: 2028M
 Pre-touch: Disabled
 Parallel Workers: 4
 Concurrent Workers: 1
 Concurrent Refinement Workers: 4
 Periodic GC: Disabled
Heap:
 garbage-first heap   total 55296K, used 40264K [0x0000000081400000, 0x0000000100000000)
  region size 1024K, 17 young (17408K), 1 survivors (1024K)
 Metaspace       used 52492K, committed 52864K, reserved 1097728K
  class space    used 7348K, committed 7552K, reserved 1048576K
GC Heap History (20 events):
Event: 3.082 GC heap before
{Heap before GC invocations=2 (full 0):
 garbage-first heap   total 131072K, used 28555K [0x0000000081400000, 0x0000000100000000)
  region size 1024K, 21 young (21504K), 1 survivors (1024K)
 Metaspace       used 10242K, committed 10432K, reserved 1064960K
  class space    used 1284K, committed 1408K, reserved 1048576K
}
Event: 3.088 GC heap after
{Heap after GC invocations=3 (full 0):
 garbage-first heap   total 131072K, used 10419K [0x0000000081400000, 0x0000000100000000)
  region size 1024K, 3 young (3072K), 3 survivors (3072K)
 Metaspace       used 10242K, committed 10432K, reserved 1064960K
  class space    used 1284K, committed 1408K, reserved 1048576K
}
Event: 6.193 GC heap before
{Heap before GC invocations=3 (full 0):
 garbage-first heap   total 131072K, used 83123K [0x0000000081400000, 0x0000000100000000)
  region size 1024K, 75 young (76800K), 3 survivors (3072K)
 Metaspace       used 21196K, committed 21440K, reserved 1073152K
  class space    used 2660K, committed 2752K, reserved 1048576K
}
Event: 6.205 GC heap after
{Heap after GC invocations=4 (full 0):
 garbage-first heap   total 131072K, used 14595K [0x0000000081400000, 0x0000000100000000)
  region size 1024K, 7 young (7168K), 7 survivors (7168K)
 Metaspace       used 21196K, committed 21440K, reserved 1073152K
  class space    used 2660K, committed 2752K, reserved 1048576K
}
Event: 6.295 GC heap before
{Heap before GC invocations=4 (full 0):
 garbage-first heap   total 131072K, used 17667K [0x0000000081400000, 0x0000000100000000)
  region size 1024K, 11 young (11264K), 7 survivors (7168K)
 Metaspace       used 21285K, committed 21504K, reserved 1073152K
  class space    used 2677K, committed 2816K, reserved 1048576K
}
Event: 6.305 GC heap after
{Heap after GC invocations=5 (full 0):
 garbage-first heap   total 131072K, used 15007K [0x0000000081400000, 0x0000000100000000)
  region size 1024K, 5 young (5120K), 5 survivors (5120K)
 Metaspace       used 21285K, committed 21504K, reserved 1073152K
  class space    used 2677K, committed 2816K, reserved 1048576K
}
Event: 7.752 GC heap before
{Heap before GC invocations=6 (full 0):
 garbage-first heap   total 55296K, used 42655K [0x0000000081400000, 0x0000000100000000)
  region size 1024K, 32 young (32768K), 5 survivors (5120K)
 Metaspace       used 25528K, committed 25792K, reserved 1073152K
  class space    used 3361K, committed 3456K, reserved 1048576K
}
Event: 7.768 GC heap after
{Heap after GC invocations=7 (full 0):
 garbage-first heap   total 55296K, used 16023K [0x0000000081400000, 0x0000000100000000)
  region size 1024K, 2 young (2048K), 2 survivors (2048K)
 Metaspace       used 25528K, committed 25792K, reserved 1073152K
  class space    used 3361K, committed 3456K, reserved 1048576K
}
Event: 9.191 GC heap before
{Heap before GC invocations=7 (full 0):
 garbage-first heap   total 55296K, used 39575K [0x0000000081400000, 0x0000000100000000)
  region size 1024K, 25 young (25600K), 2 survivors (2048K)
 Metaspace       used 29017K, committed 29248K, reserved 1081344K
  class space    used 3919K, committed 4032K, reserved 1048576K
}
Event: 9.203 GC heap after
{Heap after GC invocations=8 (full 0):
 garbage-first heap   total 55296K, used 17616K [0x0000000081400000, 0x0000000100000000)
  region size 1024K, 4 young (4096K), 4 survivors (4096K)
 Metaspace       used 29017K, committed 29248K, reserved 1081344K
  class space    used 3919K, committed 4032K, reserved 1048576K
}
Event: 11.275 GC heap before
{Heap before GC invocations=8 (full 0):
 garbage-first heap   total 55296K, used 40144K [0x0000000081400000, 0x0000000100000000)
  region size 1024K, 26 young (26624K), 4 survivors (4096K)
 Metaspace       used 33343K, committed 33600K, reserved 1081344K
  class space    used 4468K, committed 4608K, reserved 1048576K
}
Event: 11.288 GC heap after
{Heap after GC invocations=9 (full 0):
 garbage-first heap   total 55296K, used 19602K [0x0000000081400000, 0x0000000100000000)
  region size 1024K, 4 young (4096K), 4 survivors (4096K)
 Metaspace       used 33343K, committed 33600K, reserved 1081344K
  class space    used 4468K, committed 4608K, reserved 1048576K
}
Event: 12.606 GC heap before
{Heap before GC invocations=9 (full 0):
 garbage-first heap   total 55296K, used 33938K [0x0000000081400000, 0x0000000100000000)
  region size 1024K, 20 young (20480K), 4 survivors (4096K)
 Metaspace       used 35693K, committed 35968K, reserved 1081344K
  class space    used 4782K, committed 4928K, reserved 1048576K
}
Event: 12.613 GC heap after
{Heap after GC invocations=10 (full 0):
 garbage-first heap   total 55296K, used 20888K [0x0000000081400000, 0x0000000100000000)
  region size 1024K, 4 young (4096K), 4 survivors (4096K)
 Metaspace       used 35693K, committed 35968K, reserved 1081344K
  class space    used 4782K, committed 4928K, reserved 1048576K
}
Event: 13.987 GC heap before
{Heap before GC invocations=11 (full 0):
 garbage-first heap   total 55296K, used 40344K [0x0000000081400000, 0x0000000100000000)
  region size 1024K, 23 young (23552K), 4 survivors (4096K)
 Metaspace       used 40215K, committed 40512K, reserved 1089536K
  class space    used 5571K, committed 5696K, reserved 1048576K
}
Event: 13.995 GC heap after
{Heap after GC invocations=12 (full 0):
 garbage-first heap   total 55296K, used 22320K [0x0000000081400000, 0x0000000100000000)
  region size 1024K, 3 young (3072K), 3 survivors (3072K)
 Metaspace       used 40215K, committed 40512K, reserved 1089536K
  class space    used 5571K, committed 5696K, reserved 1048576K
}
Event: 15.040 GC heap before
{Heap before GC invocations=12 (full 0):
 garbage-first heap   total 55296K, used 40752K [0x0000000081400000, 0x0000000100000000)
  region size 1024K, 22 young (22528K), 3 survivors (3072K)
 Metaspace       used 45392K, committed 45632K, reserved 1089536K
  class space    used 6272K, committed 6400K, reserved 1048576K
}
Event: 15.046 GC heap after
{Heap after GC invocations=13 (full 0):
 garbage-first heap   total 55296K, used 23810K [0x0000000081400000, 0x0000000100000000)
  region size 1024K, 3 young (3072K), 3 survivors (3072K)
 Metaspace       used 45392K, committed 45632K, reserved 1089536K
  class space    used 6272K, committed 6400K, reserved 1048576K
}
Event: 16.008 GC heap before
{Heap before GC invocations=13 (full 0):
 garbage-first heap   total 55296K, used 42242K [0x0000000081400000, 0x0000000100000000)
  region size 1024K, 21 young (21504K), 3 survivors (3072K)
 Metaspace       used 49608K, committed 49856K, reserved 1097728K
  class space    used 6941K, committed 7040K, reserved 1048576K
}
Event: 16.013 GC heap after
{Heap after GC invocations=14 (full 0):
 garbage-first heap   total 55296K, used 24904K [0x0000000081400000, 0x0000000100000000)
  region size 1024K, 1 young (1024K), 1 survivors (1024K)
 Metaspace       used 49608K, committed 49856K, reserved 1097728K
  class space    used 6941K, committed 7040K, reserved 1048576K
}

